{
  "RSpec": {
    "coverage": {
      "/home/neelofarakhtar/Desktop/Task/rspec_test_app/spec/models/dummy_spec.rb": [
        1,
        null,
        1,
        1,
        1,
        1,
        null,
        1,
        1,
        null,
        null
      ],
      "/home/neelofarakhtar/Desktop/Task/rspec_test_app/app/models/dummy.rb": [
        1,
        null
      ],
      "/home/neelofarakhtar/Desktop/Task/rspec_test_app/app/models/application_record.rb": [
        1,
        1,
        null
      ],
      "/home/neelofarakhtar/Desktop/Task/rspec_test_app/spec/models/user_spec.rb": [
        1,
        null,
        1,
        1,
        1,
        null,
        1,
        null,
        null,
        null,
        null
      ],
      "/home/neelofarakhtar/Desktop/Task/rspec_test_app/app/models/user.rb": [
        1,
        1,
        null
      ]
    },
    "timestamp": 1664191764
  }
}
